[[3.42376000e-02 2.85847000e-02 1.08166888e+02]
 [3.42376000e-02 4.62268710e-02 1.08166888e+02]
 [3.42376000e-02 6.38690410e-02 1.08166888e+02]
 ...
 [4.30931000e+00 4.26270566e+00 1.08166888e+02]
 [4.30931000e+00 4.28034783e+00 1.08166888e+02]
 [4.30931000e+00 4.29799000e+0232 235
0 11184.603090266186
10 11147.309126612541
20 11125.663936672707
30 11103.210220660636
40 11081.101738875193
50 11061.215819786
60 11046.197636713427
70 11033.30124156778
80 11024.747841046483
90 11019.158702273422
100 11013.468279328781
110 11007.970505750789
120 11003.93821280902
130 10999.825801191788
140 10995.874570344145
150 10992.16131147062
160 10989.446975585257
170 10986.550136066231
180 10984.453562859053
190 10982.857686029787
.418102456279
180 12209.399134800027
190 12206.918380112278
ading the PLUMED kernel runtime +++
+++ PLUMED_KERNEL="/home/veretenenko/miniconda3/envs/plumed/lib/libplumedKernel.so" +++
+++ Loading the PLUMED kernel runtime +++
+++ PLUMED_KERNEL="/home/veretenenko/miniconda3/envs/plumed/lib/libplumedKernel.so" +++
+++ Loading the PLUMED kernel runtime +++
+++ PLUMED_KERNEL="/home/veretenenko/miniconda3/envs/plumed/lib/libplumedKernel.so" +++
+++ Loading the PLUMED kernel runtime +++
+++ PLUMED_KERNEL="/home/veretenenko/miniconda3/envs/plumed/lib/libplumedKernel.so" +++
+++ Loading the PLUMED kernel runtime +++
+++ PLUMED_KERNEL="/home/veretenenko/miniconda3/envs/plumed/lib/libplumedKernel.so" +++
+++ Loading the PLUMED kernel runtime +++
+++ PLUMED_KERNEL="/home/veretenenko/miniconda3/envs/plumed/lib/libplumedKernel.so" +++
+++ Loading the PLUMED kernel runtime +++
+++ PLUMED_KERNEL="/home/veretenenko/miniconda3/envs/plumed/lib/libplumedKernel.so" +++
+++ Loading the PLUMED kernel runtime +++
+++ PLUMED_KERNEL="/home/veretenenko/miniconda3/envs/plumed/lib/libplumedKernel.so" +++
233 235 220 [0.074176, 4.17228] [0.0716653, 4.20706] [1.46848, 9.18223]
233 235 220 [0.074176, 4.17228] [0.0716653, 4.20706] [1.46848, 9.18223]
233 235 220 [0.074176, 4.17228] [0.0716653, 4.20706] [1.46848, 9.18223]
233 235 220 [0.074176, 4.17228] [0.0716653, 4.20706] [1.46848, 9.18223]
233 235 220 [0.074176, 4.17228] [0.0716653, 4.20706] [1.46848, 9.18223]
233 235 220 [0.074176, 4.17228] [0.0716653, 4.20706] [1.46848, 9.18223]
233 235 220 [0.074176, 4.17228] [0.0716653, 4.20706] [1.46848, 9.18223]
233 235 220 [0.074176, 4.17228] [0.0716653, 4.20706] [1.46848, 9.18223]
233 235 220 [0.074176, 4.17228] [0.0716653, 4.20706] [1.46848, 9.18223]
233 235 220 [0.074176, 4.17228] [0.0716653, 4.20706] [1.46848, 9.18223]
233 235 220 [0.074176, 4.17228] [0.0716653, 4.20706] [1.46848, 9.18223]
233 235 220 [0.074176, 4.17228] [0.0716653, 4.20706] [1.46848, 9.18223]
233 235 220 [0.074176, 4.17228] [0.0716653, 4.20706] [1.46848, 9.18223]
233 235 220 [0.074176, 4.17228] [0.0716653, 4.20706] [1.46848, 9.18223]
233 235 220 [0.074176, 4.17228] [0.0716653, 4.20706] [1.46848, 9.18223]
233 235 220 [0.074176, 4.17228] [0.0716653, 4.20706] [1.46848, 9.18223]
233 235 220 [0.074176, 4.17228] [0.0716653, 4.20706] [1.46848, 9.18223]
233 235 220 [0.074176, 4.17228] [0.0716653, 4.20706] [1.46848, 9.18223]
233 235 220 [0.074176, 4.17228] [0.0716653, 4.20706] [1.46848, 9.18223]
233 235 220 [0.074176, 4.17228] [0.0716653, 4.20706] [1.46848, 9.18223]
233 235 220 [0.074176, 4.17228] [0.0716653, 4.20706] [1.46848, 9.18223]
233 235 220 [0.074176, 4.17228] [0.0716653, 4.20706] [1.46848, 9.18223]
233 235 220 [0.074176, 4.17228] [0.0716653, 4.20706] [1.46848, 9.18223]
233 235 220 [0.074176, 4.17228] [0.0716653, 4.20706] [1.46848, 9.18223]
Traceback (most recent call last):
  File "/home/veretenenko/TRPV6-Mg/ScaledTopology-final/SCRIPTS/metad_stride_reweight.py", line 38, in <module>
    dist1, dist2, cn, fes, Nbins_D1, Nbins_D2, Nbins_CN, Bonds_D1, Bonds_D2, Bonds_CN = read_fes_3d(FOLDER, n)
                                                                                        ^^^^^^^^^^^^^^^^^^^^^^
  File "/home/veretenenko/TRPV6-Mg/ScaledTopology-final/SCRIPTS/func_block.py", line 206, in read_fes_3d
    data = plumed.read_as_pandas(f"{FOLDER}/FES/{NAME}.dat")
           ^^^^^^^^^^^^^^^^^^^^^^^^^^^^^^^^^^^^^^^^^^^^^^^^^
  File "plumed.pyx", line 499, in plumed.read_as_pandas
  File "plumed.pyx", line 285, in plumed._fix_file
FileNotFoundError: [Errno 2] No such file or directory: 'S5-S6_adapted-CA/mw_0.8/FES/12.dat'
