+++ Loading the PLUMED kernel runtime +++
+++ PLUMED_KERNEL="/home/veretenenko/miniconda3/envs/plumed/lib/libplumedKernel.so" +++
+++ Loading the PLUMED kernel runtime +++
+++ PLUMED_KERNEL="/home/veretenenko/miniconda3/envs/plumed/lib/libplumedKernel.so" +++
+++ Loading the PLUMED kernel runtime +++
+++ PLUMED_KERNEL="/home/veretenenko/miniconda3/envs/plumed/lib/libplumedKernel.so" +++
+++ Loading the PLUMED kernel runtime +++
+++ PLUMED_KERNEL="/home/veretenenko/miniconda3/envs/plumed/lib/libplumedKernel.so" +++
+++ Loading the PLUMED kernel runtime +++
+++ PLUMED_KERNEL="/home/veretenenko/miniconda3/envs/plumed/lib/libplumedKernel.so" +++
+++ Loading the PLUMED kernel runtime +++
+++ PLUMED_KERNEL="/home/veretenenko/miniconda3/envs/plumed/lib/libplumedKernel.so" +++
+++ Loading the PLUMED kernel runtime +++
+++ PLUMED_KERNEL="/home/veretenenko/miniconda3/envs/plumed/lib/libplumedKernel.so" +++
+++ Loading the PLUMED kernel runtime +++
+++ PLUMED_KERNEL="/home/veretenenko/miniconda3/envs/plumed/lib/libplumedKernel.so" +++
+++ Loading the PLUMED kernel runtime +++
+++ PLUMED_KERNEL="/home/veretenenko/miniconda3/envs/plumed/lib/libplumedKernel.so" +++
+++ Loading the PLUMED kernel runtime +++
+++ PLUMED_KERNEL="/home/veretenenko/miniconda3/envs/plumed/lib/libplumedKernel.so" +++
+++ Loading the PLUMED kernel runtime +++
+++ PLUMED_KERNEL="/home/veretenenko/miniconda3/envs/plumed/lib/libplumedKernel.so" +++
+++ Loading the PLUMED kernel runtime +++
+++ PLUMED_KERNEL="/home/veretenenko/miniconda3/envs/plumed/lib/libplumedKernel.so" +++
+++ Loading the PLUMED kernel runtime +++
+++ PLUMED_KERNEL="/home/veretenenko/miniconda3/envs/plumed/lib/libplumedKernel.so" +++
+++ Loading the PLUMED kernel runtime +++
+++ PLUMED_KERNEL="/home/veretenenko/miniconda3/envs/plumed/lib/libplumedKernel.so" +++
+++ Loading the PLUMED kernel runtime +++
+++ PLUMED_KERNEL="/home/veretenenko/miniconda3/envs/plumed/lib/libplumedKernel.so" +++
+++ Loading the PLUMED kernel runtime +++
+++ PLUMED_KERNEL="/home/veretenenko/miniconda3/envs/plumed/lib/libplumedKernel.so" +++
+++ Loading the PLUMED kernel runtime +++
+++ PLUMED_KERNEL="/home/veretenenko/miniconda3/envs/plumed/lib/libplumedKernel.so" +++
+++ Loading the PLUMED kernel runtime +++
+++ PLUMED_KERNEL="/home/veretenenko/miniconda3/envs/plumed/lib/libplumedKernel.so" +++
+++ Loading the PLUMED kernel runtime +++
+++ PLUMED_KERNEL="/home/veretenenko/miniconda3/envs/plumed/lib/libplumedKernel.so" +++
+++ Loading the PLUMED kernel runtime +++
+++ PLUMED_KERNEL="/home/veretenenko/miniconda3/envs/plumed/lib/libplumedKernel.so" +++
+++ Loading the PLUMED kernel runtime +++
+++ PLUMED_KERNEL="/home/veretenenko/miniconda3/envs/plumed/lib/libplumedKernel.so" +++
+++ Loading the PLUMED kernel runtime +++
+++ PLUMED_KERNEL="/home/veretenenko/miniconda3/envs/plumed/lib/libplumedKernel.so" +++
+++ Loading the PLUMED kernel runtime +++
+++ PLUMED_KERNEL="/home/veretenenko/miniconda3/envs/plumed/lib/libplumedKernel.so" +++
+++ Loading the PLUMED kernel runtime +++
+++ PLUMED_KERNEL="/home/veretenenko/miniconda3/envs/plumed/lib/libplumedKernel.so" +++
+++ Loading the PLUMED kernel runtime +++
+++ PLUMED_KERNEL="/home/veretenenko/miniconda3/envs/plumed/lib/libplumedKernel.so" +++
+++ Loading the PLUMED kernel runtime +++
+++ PLUMED_KERNEL="/home/veretenenko/miniconda3/envs/plumed/lib/libplumedKernel.so" +++
+++ Loading the PLUMED kernel runtime +++
+++ PLUMED_KERNEL="/home/veretenenko/miniconda3/envs/plumed/lib/libplumedKernel.so" +++
+++ Loading the PLUMED kernel runtime +++
+++ PLUMED_KERNEL="/home/veretenenko/miniconda3/envs/plumed/lib/libplumedKernel.so" +++
+++ Loading the PLUMED kernel runtime +++
+++ PLUMED_KERNEL="/home/veretenenko/miniconda3/envs/plumed/lib/libplumedKernel.so" +++
+++ Loading the PLUMED kernel runtime +++
+++ PLUMED_KERNEL="/home/veretenenko/miniconda3/envs/plumed/lib/libplumedKernel.so" +++
+++ Loading the PLUMED kernel runtime +++
+++ PLUMED_KERNEL="/home/veretenenko/miniconda3/envs/plumed/lib/libplumedKernel.so" +++
+++ Loading the PLUMED kernel runtime +++
+++ PLUMED_KERNEL="/home/veretenenko/miniconda3/envs/plumed/lib/libplumedKernel.so" +++
+++ Loading the PLUMED kernel runtime +++
+++ PLUMED_KERNEL="/home/veretenenko/miniconda3/envs/plumed/lib/libplumedKernel.so" +++
+++ Loading the PLUMED kernel runtime +++
+++ PLUMED_KERNEL="/home/veretenenko/miniconda3/envs/plumed/lib/libplumedKernel.so" +++
+++ Loading the PLUMED kernel runtime +++
+++ PLUMED_KERNEL="/home/veretenenko/miniconda3/envs/plumed/lib/libplumedKernel.so" +++
+++ Loading the PLUMED kernel runtime +++
+++ PLUMED_KERNEL="/home/veretenenko/miniconda3/envs/plumed/lib/libplumedKernel.so" +++
+++ Loading the PLUMED kernel runtime +++
+++ PLUMED_KERNEL="/home/veretenenko/miniconda3/envs/plumed/lib/libplumedKernel.so" +++
+++ Loading the PLUMED kernel runtime +++
+++ PLUMED_KERNEL="/home/veretenenko/miniconda3/envs/plumed/lib/libplumedKernel.so" +++
+++ Loading the PLUMED kernel runtime +++
+++ PLUMED_KERNEL="/home/veretenenko/miniconda3/envs/plumed/lib/libplumedKernel.so" +++
+++ Loading the PLUMED kernel runtime +++
+++ PLUMED_KERNEL="/home/veretenenko/miniconda3/envs/plumed/lib/libplumedKernel.so" +++
+++ Loading the PLUMED kernel runtime +++
+++ PLUMED_KERNEL="/home/veretenenko/miniconda3/envs/plumed/lib/libplumedKernel.so" +++
+++ Loading the PLUMED kernel runtime +++
+++ PLUMED_KERNEL="/home/veretenenko/miniconda3/envs/plumed/lib/libplumedKernel.so" +++
+++ Loading the PLUMED kernel runtime +++
+++ PLUMED_KERNEL="/home/veretenenko/miniconda3/envs/plumed/lib/libplumedKernel.so" +++
+++ Loading the PLUMED kernel runtime +++
+++ PLUMED_KERNEL="/home/veretenenko/miniconda3/envs/plumed/lib/libplumedKernel.so" +++
240 241 218 [0.0710709, 4.28878] [0.0639515, 4.29056] [1.518, 9.16157]
240 241 218 [0.0710709, 4.28878] [0.0639515, 4.29056] [1.518, 9.16157]
240 241 218 [0.0710709, 4.28878] [0.0639515, 4.29056] [1.518, 9.16157]
240 241 218 [0.0710709, 4.28878] [0.0639515, 4.29056] [1.518, 9.16157]
240 241 218 [0.0710709, 4.28878] [0.0639515, 4.29056] [1.518, 9.16157]
240 241 218 [0.0710709, 4.28878] [0.0639515, 4.29056] [1.518, 9.16157]
240 241 218 [0.0710709, 4.28878] [0.0639515, 4.29056] [1.518, 9.16157]
240 241 218 [0.0710709, 4.28878] [0.0639515, 4.29056] [1.518, 9.16157]
240 241 218 [0.0710709, 4.28878] [0.0639515, 4.29056] [1.518, 9.16157]
240 241 218 [0.0710709, 4.28878] [0.0639515, 4.29056] [1.518, 9.16157]
240 241 218 [0.0710709, 4.28878] [0.0639515, 4.29056] [1.518, 9.16157]
240 241 218 [0.0710709, 4.28878] [0.0639515, 4.29056] [1.518, 9.16157]
240 241 218 [0.0710709, 4.28878] [0.0639515, 4.29056] [1.518, 9.16157]
240 241 218 [0.0710709, 4.28878] [0.0639515, 4.29056] [1.518, 9.16157]
240 241 218 [0.0710709, 4.28878] [0.0639515, 4.29056] [1.518, 9.16157]
240 241 218 [0.0710709, 4.28878] [0.0639515, 4.29056] [1.518, 9.16157]
240 241 218 [0.0710709, 4.28878] [0.0639515, 4.29056] [1.518, 9.16157]
240 241 218 [0.0710709, 4.28878] [0.0639515, 4.29056] [1.518, 9.16157]
240 241 218 [0.0710709, 4.28878] [0.0639515, 4.29056] [1.518, 9.16157]
240 241 218 [0.0710709, 4.28878] [0.0639515, 4.29056] [1.518, 9.16157]
240 241 218 [0.0710709, 4.28878] [0.0639515, 4.29056] [1.518, 9.16157]
240 241 218 [0.0710709, 4.28878] [0.0639515, 4.29056] [1.518, 9.16157]
240 241 218 [0.0710709, 4.28878] [0.0639515, 4.29056] [1.518, 9.16157]
240 241 218 [0.0710709, 4.28878] [0.0639515, 4.29056] [1.518, 9.16157]
240 241 218 [0.0710709, 4.28878] [0.0639515, 4.29056] [1.518, 9.16157]
240 241 218 [0.0710709, 4.28878] [0.0639515, 4.29056] [1.518, 9.16157]
240 241 218 [0.0710709, 4.28878] [0.0639515, 4.29056] [1.518, 9.16157]
240 241 218 [0.0710709, 4.28878] [0.0639515, 4.29056] [1.518, 9.16157]
240 241 218 [0.0710709, 4.28878] [0.0639515, 4.29056] [1.518, 9.16157]
240 241 218 [0.0710709, 4.28878] [0.0639515, 4.29056] [1.518, 9.16157]
240 241 218 [0.0710709, 4.28878] [0.0639515, 4.29056] [1.518, 9.16157]
240 241 218 [0.0710709, 4.28878] [0.0639515, 4.29056] [1.518, 9.16157]
240 241 218 [0.0710709, 4.28878] [0.0639515, 4.29056] [1.518, 9.16157]
240 241 218 [0.0710709, 4.28878] [0.0639515, 4.29056] [1.518, 9.16157]
240 241 218 [0.0710709, 4.28878] [0.0639515, 4.29056] [1.518, 9.16157]
240 241 218 [0.0710709, 4.28878] [0.0639515, 4.29056] [1.518, 9.16157]
240 241 218 [0.0710709, 4.28878] [0.0639515, 4.29056] [1.518, 9.16157]
240 241 218 [0.0710709, 4.28878] [0.0639515, 4.29056] [1.518, 9.16157]
240 241 218 [0.0710709, 4.28878] [0.0639515, 4.29056] [1.518, 9.16157]
240 241 218 [0.0710709, 4.28878] [0.0639515, 4.29056] [1.518, 9.16157]
240 241 218 [0.0710709, 4.28878] [0.0639515, 4.29056] [1.518, 9.16157]
240 241 218 [0.0710709, 4.28878] [0.0639515, 4.29056] [1.518, 9.16157]
240 241 218 [0.0710709, 4.28878] [0.0639515, 4.29056] [1.518, 9.16157]
240 241 218 [0.0710709, 4.28878] [0.0639515, 4.29056] [1.518, 9.16157]
240 241 218 [0.0710709, 4.28878] [0.0639515, 4.29056] [1.518, 9.16157]
240 241 218 [0.0710709, 4.28878] [0.0639515, 4.29056] [1.518, 9.16157]
240 241 218 [0.0710709, 4.28878] [0.0639515, 4.29056] [1.518, 9.16157]
240 241 218 [0.0710709, 4.28878] [0.0639515, 4.29056] [1.518, 9.16157]
240 241 218 [0.0710709, 4.28878] [0.0639515, 4.29056] [1.518, 9.16157]
240 241 218 [0.0710709, 4.28878] [0.0639515, 4.29056] [1.518, 9.16157]
240 241 218 [0.0710709, 4.28878] [0.0639515, 4.29056] [1.518, 9.16157]
240 241 218 [0.0710709, 4.28878] [0.0639515, 4.29056] [1.518, 9.16157]
240 241 218 [0.0710709, 4.28878] [0.0639515, 4.29056] [1.518, 9.16157]
240 241 218 [0.0710709, 4.28878] [0.0639515, 4.29056] [1.518, 9.16157]
240 241 218 [0.0710709, 4.28878] [0.0639515, 4.29056] [1.518, 9.16157]
240 241 218 [0.0710709, 4.28878] [0.0639515, 4.29056] [1.518, 9.16157]
240 241 218 [0.0710709, 4.28878] [0.0639515, 4.29056] [1.518, 9.16157]
240 241 218 [0.0710709, 4.28878] [0.0639515, 4.29056] [1.518, 9.16157]
240 241 218 [0.0710709, 4.28878] [0.0639515, 4.29056] [1.518, 9.16157]
240 241 218 [0.0710709, 4.28878] [0.0639515, 4.29056] [1.518, 9.16157]
240 241 218 [0.0710709, 4.28878] [0.0639515, 4.29056] [1.518, 9.16157]
240 241 218 [0.0710709, 4.28878] [0.0639515, 4.29056] [1.518, 9.16157]
240 241 218 [0.0710709, 4.28878] [0.0639515, 4.29056] [1.518, 9.16157]
240 241 218 [0.0710709, 4.28878] [0.0639515, 4.29056] [1.518, 9.16157]
240 241 218 [0.0710709, 4.28878] [0.0639515, 4.29056] [1.518, 9.16157]
240 241 218 [0.0710709, 4.28878] [0.0639515, 4.29056] [1.518, 9.16157]
240 241 218 [0.0710709, 4.28878] [0.0639515, 4.29056] [1.518, 9.16157]
240 241 218 [0.0710709, 4.28878] [0.0639515, 4.29056] [1.518, 9.16157]
240 241 218 [0.0710709, 4.28878] [0.0639515, 4.29056] [1.518, 9.16157]
240 241 218 [0.0710709, 4.28878] [0.0639515, 4.29056] [1.518, 9.16157]
240 241 218 [0.0710709, 4.28878] [0.0639515, 4.29056] [1.518, 9.16157]
240 241 218 [0.0710709, 4.28878] [0.0639515, 4.29056] [1.518, 9.16157]
240 241 218 [0.0710709, 4.28878] [0.0639515, 4.29056] [1.518, 9.16157]
240 241 218 [0.0710709, 4.28878] [0.0639515, 4.29056] [1.518, 9.16157]
240 241 218 [0.0710709, 4.28878] [0.0639515, 4.29056] [1.518, 9.16157]
240 241 218 [0.0710709, 4.28878] [0.0639515, 4.29056] [1.518, 9.16157]
240 241 218 [0.0710709, 4.28878] [0.0639515, 4.29056] [1.518, 9.16157]
240 241 218 [0.0710709, 4.28878] [0.0639515, 4.29056] [1.518, 9.16157]
240 241 218 [0.0710709, 4.28878] [0.0639515, 4.29056] [1.518, 9.16157]
240 241 218 [0.0710709, 4.28878] [0.0639515, 4.29056] [1.518, 9.16157]
240 241 218 [0.0710709, 4.28878] [0.0639515, 4.29056] [1.518, 9.16157]
240 241 218 [0.0710709, 4.28878] [0.0639515, 4.29056] [1.518, 9.16157]
240 241 218 [0.0710709, 4.28878] [0.0639515, 4.29056] [1.518, 9.16157]
240 241 218 [0.0710709, 4.28878] [0.0639515, 4.29056] [1.518, 9.16157]
Traceback (most recent call last):
  File "/home/veretenenko/TRPV6-Mg/ScaledTopology-final/SCRIPTS/metad_stride_reweight.py", line 38, in <module>
    dist1, dist2, cn, fes, Nbins_D1, Nbins_D2, Nbins_CN, Bonds_D1, Bonds_D2, Bonds_CN = read_fes_3d(FOLDER, n)
                                                                                        ^^^^^^^^^^^^^^^^^^^^^^
  File "/home/veretenenko/TRPV6-Mg/ScaledTopology-final/SCRIPTS/func_block.py", line 206, in read_fes_3d
    data = plumed.read_as_pandas(f"{FOLDER}/FES/{NAME}.dat")
           ^^^^^^^^^^^^^^^^^^^^^^^^^^^^^^^^^^^^^^^^^^^^^^^^^
  File "plumed.pyx", line 499, in plumed.read_as_pandas
  File "plumed.pyx", line 285, in plumed._fix_file
FileNotFoundError: [Errno 2] No such file or directory: 'S5-S6_adapted-CA/mw_0.85/FES/54.dat'
